<?xml version="1.0" encoding="UTF-8"?>
<!-- Generated by org.testng.reporters.JUnitXMLReporter -->
<testsuite ignored="0" hostname="user-PC" failures="1" tests="4" name="DragAndDrop TestCases" time="73.953" errors="0" timestamp="2024-03-15T13:13:25 IST">
  <testcase classname="locators_selenium_Interactions.Basic_Auth" name="BaseAuthLink" time="52.176"/>
  <testcase classname="locators_selenium_Interactions.DragAndDrop" name="Drag_DropLink" time="2.421">
    <failure type="org.openqa.selenium.NoSuchElementException" message="Unable to locate element: Drag and Drop
For documentation on this error, please visit: https://www.selenium.dev/documentation/webdriver/troubleshooting/errors#no-such-element-exception
Build info: version: &amp;apos;4.14.0&amp;apos;, revision: &amp;apos;e5a96349ce&amp;apos;
System info: os.name: &amp;apos;Windows 7&amp;apos;, os.arch: &amp;apos;amd64&amp;apos;, os.version: &amp;apos;6.1&amp;apos;, java.version: &amp;apos;18.0.1&amp;apos;
Driver info: org.openqa.selenium.firefox.FirefoxDriver
Command: [cc9d48a6-79cb-4d56-b7d8-dfcf0a20da57, findElement {using=link text, value=Drag and Drop}]
Capabilities {acceptInsecureCerts: true, browserName: firefox, browserVersion: 115.8.0, moz:accessibilityChecks: false, moz:buildID: 20240212204114, moz:debuggerAddress: 127.0.0.1:15314, moz:geckodriverVersion: 0.32.0, moz:headless: false, moz:platformVersion: 6.1, moz:processID: 3460, moz:profile: C:\Users\user\AppData\Local..., moz:shutdownTimeout: 60000, moz:useNonSpecCompliantPointerOrigin: false, moz:webdriverClick: true, moz:windowless: false, pageLoadStrategy: normal, platformName: windows, proxy: Proxy(), se:cdp: ws://127.0.0.1:15314/devtoo..., se:cdpVersion: 85.0, setWindowRect: true, strictFileInteractability: false, timeouts: {implicit: 0, pageLoad: 300000, script: 30000}, unhandledPromptBehavior: dismiss and notify}
Session ID: cc9d48a6-79cb-4d56-b7d8-dfcf0a20da57">
      <![CDATA[org.openqa.selenium.NoSuchElementException: Unable to locate element: Drag and Drop
For documentation on this error, please visit: https://www.selenium.dev/documentation/webdriver/troubleshooting/errors#no-such-element-exception
Build info: version: '4.14.0', revision: 'e5a96349ce'
System info: os.name: 'Windows 7', os.arch: 'amd64', os.version: '6.1', java.version: '18.0.1'
Driver info: org.openqa.selenium.firefox.FirefoxDriver
Command: [cc9d48a6-79cb-4d56-b7d8-dfcf0a20da57, findElement {using=link text, value=Drag and Drop}]
Capabilities {acceptInsecureCerts: true, browserName: firefox, browserVersion: 115.8.0, moz:accessibilityChecks: false, moz:buildID: 20240212204114, moz:debuggerAddress: 127.0.0.1:15314, moz:geckodriverVersion: 0.32.0, moz:headless: false, moz:platformVersion: 6.1, moz:processID: 3460, moz:profile: C:\Users\user\AppData\Local..., moz:shutdownTimeout: 60000, moz:useNonSpecCompliantPointerOrigin: false, moz:webdriverClick: true, moz:windowless: false, pageLoadStrategy: normal, platformName: windows, proxy: Proxy(), se:cdp: ws://127.0.0.1:15314/devtoo..., se:cdpVersion: 85.0, setWindowRect: true, strictFileInteractability: false, timeouts: {implicit: 0, pageLoad: 300000, script: 30000}, unhandledPromptBehavior: dismiss and notify}
Session ID: cc9d48a6-79cb-4d56-b7d8-dfcf0a20da57
at org.openqa.selenium.remote.codec.w3c.W3CHttpResponseCodec.createException(W3CHttpResponseCodec.java:200)
at org.openqa.selenium.remote.codec.w3c.W3CHttpResponseCodec.decode(W3CHttpResponseCodec.java:133)
at org.openqa.selenium.remote.codec.w3c.W3CHttpResponseCodec.decode(W3CHttpResponseCodec.java:52)
at org.openqa.selenium.remote.HttpCommandExecutor.execute(HttpCommandExecutor.java:191)
at org.openqa.selenium.remote.service.DriverCommandExecutor.invokeExecute(DriverCommandExecutor.java:196)
at org.openqa.selenium.remote.service.DriverCommandExecutor.execute(DriverCommandExecutor.java:171)
at org.openqa.selenium.remote.RemoteWebDriver.execute(RemoteWebDriver.java:602)
at org.openqa.selenium.remote.ElementLocation$ElementFinder$2.findElement(ElementLocation.java:165)
at org.openqa.selenium.remote.ElementLocation.findElement(ElementLocation.java:59)
at org.openqa.selenium.remote.RemoteWebDriver.findElement(RemoteWebDriver.java:359)
at org.openqa.selenium.remote.RemoteWebDriver.findElement(RemoteWebDriver.java:353)
at locators_selenium_Interactions.DragAndDrop.Drag_DropLink(DragAndDrop.java:14)
at java.base/java.util.ArrayList.forEach(ArrayList.java:1511)
... Removed 28 stack frames]]>
    </failure>
  </testcase> <!-- Drag_DropLink -->
  <testcase classname="locators_selenium_Interactions.Basic_Auth" name="verify" time="19.053"/>
  <testcase classname="locators_selenium_Interactions.DragAndDrop" name="DragAndDrops" time="0.0">
    <skipped/>
  </testcase> <!-- DragAndDrops -->
</testsuite> <!-- DragAndDrop TestCases -->
